<?xml version="1.0" encoding="UTF-8"?>
<testsuite name="in.snuglog.api.controller.PostControllerTest" tests="1" skipped="0" failures="0" errors="0" timestamp="2025-04-11T04:15:46.499Z" hostname="DESKTOP-E9PL5GH" time="0.688">
  <properties/>
  <testcase name="/posts 요청시 Hello World를 출력한다." classname="in.snuglog.api.controller.PostControllerTest" time="0.688"/>
  <system-out><![CDATA[13:15:44.556 [Test worker] INFO org.springframework.test.context.support.AnnotationConfigContextLoaderUtils -- Could not detect default configuration classes for test class [in.snuglog.api.controller.PostControllerTest]: PostControllerTest does not declare any static, non-private, non-final, nested classes annotated with @Configuration.
13:15:44.748 [Test worker] INFO org.springframework.boot.test.context.SpringBootTestContextBootstrapper -- Found @SpringBootConfiguration in.snuglog.api.SnugLogApplication for test class in.snuglog.api.controller.PostControllerTest

  .   ____          _            __ _ _
 /\\ / ___'_ __ _ _(_)_ __  __ _ \ \ \ \
( ( )\___ | '_ | '_| | '_ \/ _` | \ \ \ \
 \\/  ___)| |_)| | | | | || (_| |  ) ) ) )
  '  |____| .__|_| |_|_| |_\__, | / / / /
 =========|_|==============|___/=/_/_/_/

 :: Spring Boot ::                (v3.4.4)

2025-04-11T13:15:45.380+09:00  INFO 15964 --- [snugLog] [    Test worker] i.s.api.controller.PostControllerTest    : Starting PostControllerTest using Java 21.0.6 with PID 15964 (started by sanghoon in C:\Users\sanghoon\IdeaProjects\snuglog)
2025-04-11T13:15:45.383+09:00  INFO 15964 --- [snugLog] [    Test worker] i.s.api.controller.PostControllerTest    : No active profile set, falling back to 1 default profile: "default"
2025-04-11T13:15:46.446+09:00  INFO 15964 --- [snugLog] [    Test worker] o.s.b.t.m.w.SpringBootMockServletContext : Initializing Spring TestDispatcherServlet ''
2025-04-11T13:15:46.446+09:00  INFO 15964 --- [snugLog] [    Test worker] o.s.t.web.servlet.TestDispatcherServlet  : Initializing Servlet ''
2025-04-11T13:15:46.449+09:00  INFO 15964 --- [snugLog] [    Test worker] o.s.t.web.servlet.TestDispatcherServlet  : Completed initialization in 2 ms
2025-04-11T13:15:46.491+09:00  INFO 15964 --- [snugLog] [    Test worker] i.s.api.controller.PostControllerTest    : Started PostControllerTest in 1.614 seconds (process running for 2.98)

MockHttpServletRequest:
      HTTP Method = GET
      Request URI = /v1/posts
       Parameters = {}
          Headers = []
             Body = null
    Session Attrs = {}

Handler:
             Type = in.snuglog.api.controller.PostController
           Method = in.snuglog.api.controller.PostController#get()

Async:
    Async started = false
     Async result = null

Resolved Exception:
             Type = null

ModelAndView:
        View name = null
             View = null
            Model = null

FlashMap:
       Attributes = null

MockHttpServletResponse:
           Status = 200
    Error message = null
          Headers = [Content-Type:"text/plain;charset=UTF-8", Content-Length:"11"]
     Content type = text/plain;charset=UTF-8
             Body = Hello World
    Forwarded URL = null
   Redirected URL = null
          Cookies = []
]]></system-out>
  <system-err><![CDATA[]]></system-err>
</testsuite>
